<?xml version="1.0"?>
<testsuite name="Chrome 112.0.0.0 (Windows 10)" package="" timestamp="2023-04-30T07:37:15" id="0" hostname="PHIL-PC" tests="1" errors="0" failures="0" time="0.03">
  <properties>
    <property name="browser.fullName" value="Mozilla/5.0 (Windows NT 10.0; Win64; x64) AppleWebKit/537.36 (KHTML, like Gecko) Chrome/112.0.0.0 Safari/537.36"/>
  </properties>
  <testcase name="AppComponent should create the app" time="0.03" classname="AppComponent"/>
  <system-out>
    <![CDATA[
]]>
  </system-out>
  <system-err/>
</testsuite>